<?xml version="1.0" encoding="UTF-8"?>
<testsuite name="com.achi.book.springboot.web.HelloControllerTest" tests="2" skipped="0" failures="0" errors="0" timestamp="2022-05-06T04:58:15" hostname="inangdoui-MacBookPro.local" time="0.325">
  <properties/>
  <testcase name="hello가_리턴된다" classname="com.achi.book.springboot.web.HelloControllerTest" time="0.238"/>
  <testcase name="helloDto가_리턴된다" classname="com.achi.book.springboot.web.HelloControllerTest" time="0.086"/>
  <system-out><![CDATA[13:58:12.976 [Test worker] DEBUG org.springframework.test.context.junit4.SpringJUnit4ClassRunner - SpringJUnit4ClassRunner constructor called with [class com.achi.book.springboot.web.HelloControllerTest]
13:58:12.984 [Test worker] DEBUG org.springframework.test.context.BootstrapUtils - Instantiating CacheAwareContextLoaderDelegate from class [org.springframework.test.context.cache.DefaultCacheAwareContextLoaderDelegate]
13:58:12.992 [Test worker] DEBUG org.springframework.test.context.BootstrapUtils - Instantiating BootstrapContext using constructor [public org.springframework.test.context.support.DefaultBootstrapContext(java.lang.Class,org.springframework.test.context.CacheAwareContextLoaderDelegate)]
13:58:13.012 [Test worker] DEBUG org.springframework.test.context.BootstrapUtils - Instantiating TestContextBootstrapper for test class [com.achi.book.springboot.web.HelloControllerTest] from class [org.springframework.boot.test.autoconfigure.web.servlet.WebMvcTestContextBootstrapper]
13:58:13.031 [Test worker] INFO org.springframework.boot.test.autoconfigure.web.servlet.WebMvcTestContextBootstrapper - Neither @ContextConfiguration nor @ContextHierarchy found for test class [com.achi.book.springboot.web.HelloControllerTest], using SpringBootContextLoader
13:58:13.035 [Test worker] DEBUG org.springframework.test.context.support.AbstractContextLoader - Did not detect default resource location for test class [com.achi.book.springboot.web.HelloControllerTest]: class path resource [com/achi/book/springboot/web/HelloControllerTest-context.xml] does not exist
13:58:13.035 [Test worker] DEBUG org.springframework.test.context.support.AbstractContextLoader - Did not detect default resource location for test class [com.achi.book.springboot.web.HelloControllerTest]: class path resource [com/achi/book/springboot/web/HelloControllerTestContext.groovy] does not exist
13:58:13.035 [Test worker] INFO org.springframework.test.context.support.AbstractContextLoader - Could not detect default resource locations for test class [com.achi.book.springboot.web.HelloControllerTest]: no resource found for suffixes {-context.xml, Context.groovy}.
13:58:13.036 [Test worker] INFO org.springframework.test.context.support.AnnotationConfigContextLoaderUtils - Could not detect default configuration classes for test class [com.achi.book.springboot.web.HelloControllerTest]: HelloControllerTest does not declare any static, non-private, non-final, nested classes annotated with @Configuration.
13:58:13.100 [Test worker] DEBUG org.springframework.test.context.support.ActiveProfilesUtils - Could not find an 'annotation declaring class' for annotation type [org.springframework.test.context.ActiveProfiles] and class [com.achi.book.springboot.web.HelloControllerTest]
13:58:13.190 [Test worker] DEBUG org.springframework.context.annotation.ClassPathScanningCandidateComponentProvider - Identified candidate component class: file [/Users/leenangdo/IdeaProjects/SpringBoot2-Webservice/build/classes/java/main/com/achi/book/springboot/Application.class]
13:58:13.191 [Test worker] INFO org.springframework.boot.test.context.SpringBootTestContextBootstrapper - Found @SpringBootConfiguration com.achi.book.springboot.Application for test class com.achi.book.springboot.web.HelloControllerTest
13:58:13.193 [Test worker] DEBUG org.springframework.boot.test.autoconfigure.web.servlet.WebMvcTestContextBootstrapper - @TestExecutionListeners is not present for class [com.achi.book.springboot.web.HelloControllerTest]: using defaults.
13:58:13.194 [Test worker] INFO org.springframework.boot.test.autoconfigure.web.servlet.WebMvcTestContextBootstrapper - Loaded default TestExecutionListener class names from location [META-INF/spring.factories]: [org.springframework.security.test.context.support.WithSecurityContextTestExecutionListener, org.springframework.security.test.context.support.ReactorContextTestExecutionListener, org.springframework.boot.test.autoconfigure.restdocs.RestDocsTestExecutionListener, org.springframework.boot.test.autoconfigure.web.client.MockRestServiceServerResetTestExecutionListener, org.springframework.boot.test.autoconfigure.web.servlet.MockMvcPrintOnlyOnFailureTestExecutionListener, org.springframework.boot.test.autoconfigure.web.servlet.WebDriverTestExecutionListener, org.springframework.boot.test.mock.mockito.MockitoTestExecutionListener, org.springframework.boot.test.mock.mockito.ResetMocksTestExecutionListener, org.springframework.test.context.web.ServletTestExecutionListener, org.springframework.test.context.support.DirtiesContextBeforeModesTestExecutionListener, org.springframework.test.context.support.DependencyInjectionTestExecutionListener, org.springframework.test.context.support.DirtiesContextTestExecutionListener, org.springframework.test.context.transaction.TransactionalTestExecutionListener, org.springframework.test.context.jdbc.SqlScriptsTestExecutionListener]
13:58:13.218 [Test worker] INFO org.springframework.boot.test.autoconfigure.web.servlet.WebMvcTestContextBootstrapper - Using TestExecutionListeners: [org.springframework.test.context.web.ServletTestExecutionListener@329e378e, org.springframework.test.context.support.DirtiesContextBeforeModesTestExecutionListener@72e588c0, org.springframework.boot.test.mock.mockito.MockitoTestExecutionListener@14b77086, org.springframework.boot.test.autoconfigure.SpringBootDependencyInjectionTestExecutionListener@7399c949, org.springframework.test.context.support.DirtiesContextTestExecutionListener@30f8b2f3, org.springframework.test.context.transaction.TransactionalTestExecutionListener@6e058fa4, org.springframework.test.context.jdbc.SqlScriptsTestExecutionListener@4199e1a2, org.springframework.security.test.context.support.WithSecurityContextTestExecutionListener@7c77bb59, org.springframework.security.test.context.support.ReactorContextTestExecutionListener@96df10e, org.springframework.boot.test.autoconfigure.restdocs.RestDocsTestExecutionListener@4bd72728, org.springframework.boot.test.autoconfigure.web.client.MockRestServiceServerResetTestExecutionListener@45cd5b01, org.springframework.boot.test.autoconfigure.web.servlet.MockMvcPrintOnlyOnFailureTestExecutionListener@4a18d92, org.springframework.boot.test.autoconfigure.web.servlet.WebDriverTestExecutionListener@6222f989, org.springframework.boot.test.mock.mockito.ResetMocksTestExecutionListener@10be6c82]
13:58:13.221 [Test worker] DEBUG org.springframework.test.annotation.ProfileValueUtils - Retrieved @ProfileValueSourceConfiguration [null] for test class [com.achi.book.springboot.web.HelloControllerTest]
13:58:13.222 [Test worker] DEBUG org.springframework.test.annotation.ProfileValueUtils - Retrieved ProfileValueSource type [class org.springframework.test.annotation.SystemProfileValueSource] for class [com.achi.book.springboot.web.HelloControllerTest]
13:58:13.223 [Test worker] DEBUG org.springframework.test.annotation.ProfileValueUtils - Retrieved @ProfileValueSourceConfiguration [null] for test class [com.achi.book.springboot.web.HelloControllerTest]
13:58:13.223 [Test worker] DEBUG org.springframework.test.annotation.ProfileValueUtils - Retrieved ProfileValueSource type [class org.springframework.test.annotation.SystemProfileValueSource] for class [com.achi.book.springboot.web.HelloControllerTest]
13:58:13.230 [Test worker] DEBUG org.springframework.test.context.support.AbstractDirtiesContextTestExecutionListener - Before test class: context [DefaultTestContext@b975842 testClass = HelloControllerTest, testInstance = [null], testMethod = [null], testException = [null], mergedContextConfiguration = [WebMergedContextConfiguration@71b80874 testClass = HelloControllerTest, locations = '{}', classes = '{class com.achi.book.springboot.Application}', contextInitializerClasses = '[]', activeProfiles = '{}', propertySourceLocations = '{}', propertySourceProperties = '{org.springframework.boot.test.autoconfigure.web.servlet.WebMvcTestContextBootstrapper=true}', contextCustomizers = set[org.springframework.boot.test.autoconfigure.OverrideAutoConfigurationContextCustomizerFactory$DisableAutoConfigurationContextCustomizer@55e17b63, org.springframework.boot.test.autoconfigure.filter.TypeExcludeFiltersContextCustomizer@d23791d9, org.springframework.boot.test.autoconfigure.properties.PropertyMappingContextCustomizer@bff7483, org.springframework.boot.test.autoconfigure.web.servlet.WebDriverContextCustomizerFactory$Customizer@7006212a, [ImportsContextCustomizer@5218cf2 key = [org.springframework.boot.autoconfigure.cache.CacheAutoConfiguration, org.springframework.boot.autoconfigure.context.MessageSourceAutoConfiguration, org.springframework.boot.autoconfigure.data.web.SpringDataWebAutoConfiguration, org.springframework.boot.autoconfigure.freemarker.FreeMarkerAutoConfiguration, org.springframework.boot.autoconfigure.groovy.template.GroovyTemplateAutoConfiguration, org.springframework.boot.autoconfigure.gson.GsonAutoConfiguration, org.springframework.boot.autoconfigure.hateoas.HypermediaAutoConfiguration, org.springframework.boot.autoconfigure.http.HttpMessageConvertersAutoConfiguration, org.springframework.boot.autoconfigure.jackson.JacksonAutoConfiguration, org.springframework.boot.autoconfigure.jsonb.JsonbAutoConfiguration, org.springframework.boot.autoconfigure.mustache.MustacheAutoConfiguration, org.springframework.boot.autoconfigure.task.TaskExecutionAutoConfiguration, org.springframework.boot.autoconfigure.thymeleaf.ThymeleafAutoConfiguration, org.springframework.boot.autoconfigure.validation.ValidationAutoConfiguration, org.springframework.boot.autoconfigure.web.servlet.error.ErrorMvcAutoConfiguration, org.springframework.boot.autoconfigure.web.servlet.WebMvcAutoConfiguration, org.springframework.boot.test.autoconfigure.web.servlet.MockMvcAutoConfiguration, org.springframework.boot.test.autoconfigure.web.servlet.MockMvcSecurityAutoConfiguration, org.springframework.boot.test.autoconfigure.web.servlet.MockMvcWebClientAutoConfiguration, org.springframework.boot.test.autoconfigure.web.servlet.MockMvcWebDriverAutoConfiguration]], org.springframework.boot.test.context.filter.ExcludeFilterContextCustomizer@1ba95770, org.springframework.boot.test.json.DuplicateJsonObjectContextCustomizerFactory$DuplicateJsonObjectContextCustomizer@5daaa616, org.springframework.boot.test.mock.mockito.MockitoContextCustomizer@0], resourceBasePath = 'src/main/webapp', contextLoader = 'org.springframework.boot.test.context.SpringBootContextLoader', parent = [null]], attributes = map[[empty]]], class annotated with @DirtiesContext [false] with mode [null].
13:58:13.231 [Test worker] DEBUG org.springframework.test.annotation.ProfileValueUtils - Retrieved @ProfileValueSourceConfiguration [null] for test class [com.achi.book.springboot.web.HelloControllerTest]
13:58:13.231 [Test worker] DEBUG org.springframework.test.annotation.ProfileValueUtils - Retrieved ProfileValueSource type [class org.springframework.test.annotation.SystemProfileValueSource] for class [com.achi.book.springboot.web.HelloControllerTest]
13:58:13.235 [Test worker] DEBUG org.springframework.test.context.support.DependencyInjectionTestExecutionListener - Performing dependency injection for test context [[DefaultTestContext@b975842 testClass = HelloControllerTest, testInstance = com.achi.book.springboot.web.HelloControllerTest@237e65bc, testMethod = [null], testException = [null], mergedContextConfiguration = [WebMergedContextConfiguration@71b80874 testClass = HelloControllerTest, locations = '{}', classes = '{class com.achi.book.springboot.Application}', contextInitializerClasses = '[]', activeProfiles = '{}', propertySourceLocations = '{}', propertySourceProperties = '{org.springframework.boot.test.autoconfigure.web.servlet.WebMvcTestContextBootstrapper=true}', contextCustomizers = set[org.springframework.boot.test.autoconfigure.OverrideAutoConfigurationContextCustomizerFactory$DisableAutoConfigurationContextCustomizer@55e17b63, org.springframework.boot.test.autoconfigure.filter.TypeExcludeFiltersContextCustomizer@d23791d9, org.springframework.boot.test.autoconfigure.properties.PropertyMappingContextCustomizer@bff7483, org.springframework.boot.test.autoconfigure.web.servlet.WebDriverContextCustomizerFactory$Customizer@7006212a, [ImportsContextCustomizer@5218cf2 key = [org.springframework.boot.autoconfigure.cache.CacheAutoConfiguration, org.springframework.boot.autoconfigure.context.MessageSourceAutoConfiguration, org.springframework.boot.autoconfigure.data.web.SpringDataWebAutoConfiguration, org.springframework.boot.autoconfigure.freemarker.FreeMarkerAutoConfiguration, org.springframework.boot.autoconfigure.groovy.template.GroovyTemplateAutoConfiguration, org.springframework.boot.autoconfigure.gson.GsonAutoConfiguration, org.springframework.boot.autoconfigure.hateoas.HypermediaAutoConfiguration, org.springframework.boot.autoconfigure.http.HttpMessageConvertersAutoConfiguration, org.springframework.boot.autoconfigure.jackson.JacksonAutoConfiguration, org.springframework.boot.autoconfigure.jsonb.JsonbAutoConfiguration, org.springframework.boot.autoconfigure.mustache.MustacheAutoConfiguration, org.springframework.boot.autoconfigure.task.TaskExecutionAutoConfiguration, org.springframework.boot.autoconfigure.thymeleaf.ThymeleafAutoConfiguration, org.springframework.boot.autoconfigure.validation.ValidationAutoConfiguration, org.springframework.boot.autoconfigure.web.servlet.error.ErrorMvcAutoConfiguration, org.springframework.boot.autoconfigure.web.servlet.WebMvcAutoConfiguration, org.springframework.boot.test.autoconfigure.web.servlet.MockMvcAutoConfiguration, org.springframework.boot.test.autoconfigure.web.servlet.MockMvcSecurityAutoConfiguration, org.springframework.boot.test.autoconfigure.web.servlet.MockMvcWebClientAutoConfiguration, org.springframework.boot.test.autoconfigure.web.servlet.MockMvcWebDriverAutoConfiguration]], org.springframework.boot.test.context.filter.ExcludeFilterContextCustomizer@1ba95770, org.springframework.boot.test.json.DuplicateJsonObjectContextCustomizerFactory$DuplicateJsonObjectContextCustomizer@5daaa616, org.springframework.boot.test.mock.mockito.MockitoContextCustomizer@0], resourceBasePath = 'src/main/webapp', contextLoader = 'org.springframework.boot.test.context.SpringBootContextLoader', parent = [null]], attributes = map[[empty]]]].
13:58:13.357 [Test worker] DEBUG org.springframework.test.context.support.TestPropertySourceUtils - Adding inlined properties to environment: {spring.jmx.enabled=false, org.springframework.boot.test.autoconfigure.web.servlet.WebMvcTestContextBootstrapper=true, server.port=-1}

  .   ____          _            __ _ _
 /\\ / ___'_ __ _ _(_)_ __  __ _ \ \ \ \
( ( )\___ | '_ | '_| | '_ \/ _` | \ \ \ \
 \\/  ___)| |_)| | | | | || (_| |  ) ) ) )
  '  |____| .__|_| |_|_| |_\__, | / / / /
 =========|_|==============|___/=/_/_/_/
 :: Spring Boot ::        (v2.1.7.RELEASE)

2022-05-06 13:58:13.597  INFO 13839 --- [    Test worker] c.a.b.s.web.HelloControllerTest          : Starting HelloControllerTest on inangdoui-MacBookPro.local with PID 13839 (started by leenangdo in /Users/leenangdo/IdeaProjects/SpringBoot2-Webservice)
2022-05-06 13:58:13.600  INFO 13839 --- [    Test worker] c.a.b.s.web.HelloControllerTest          : No active profile set, falling back to default profiles: default
2022-05-06 13:58:14.879  INFO 13839 --- [    Test worker] o.s.s.concurrent.ThreadPoolTaskExecutor  : Initializing ExecutorService 'applicationTaskExecutor'
2022-05-06 13:58:14.967  INFO 13839 --- [    Test worker] o.s.b.a.w.s.WelcomePageHandlerMapping    : Adding welcome page template: index
2022-05-06 13:58:15.289  INFO 13839 --- [    Test worker] .s.s.UserDetailsServiceAutoConfiguration : 

Using generated security password: 56760db3-2ccd-4352-a0d3-2ec169675066

2022-05-06 13:58:15.539  INFO 13839 --- [    Test worker] o.s.s.web.DefaultSecurityFilterChain     : Creating filter chain: any request, [org.springframework.security.web.context.request.async.WebAsyncManagerIntegrationFilter@7bf2d93d, org.springframework.security.web.context.SecurityContextPersistenceFilter@e46858d, org.springframework.security.web.header.HeaderWriterFilter@541af29f, org.springframework.security.web.csrf.CsrfFilter@23da43dd, org.springframework.security.web.authentication.logout.LogoutFilter@5247d383, org.springframework.security.web.authentication.UsernamePasswordAuthenticationFilter@2b57b279, org.springframework.security.web.authentication.ui.DefaultLoginPageGeneratingFilter@5e91ced1, org.springframework.security.web.authentication.ui.DefaultLogoutPageGeneratingFilter@7d1ca59b, org.springframework.security.web.authentication.www.BasicAuthenticationFilter@1dc5c41e, org.springframework.security.web.savedrequest.RequestCacheAwareFilter@7a8d224a, org.springframework.security.web.servletapi.SecurityContextHolderAwareRequestFilter@c904112, org.springframework.security.web.authentication.AnonymousAuthenticationFilter@2ef0d3d8, org.springframework.security.web.session.SessionManagementFilter@5c0539eb, org.springframework.security.web.access.ExceptionTranslationFilter@7a299cbc, org.springframework.security.web.access.intercept.FilterSecurityInterceptor@705cfdae]
2022-05-06 13:58:15.583  INFO 13839 --- [    Test worker] o.s.b.t.m.w.SpringBootMockServletContext : Initializing Spring TestDispatcherServlet ''
2022-05-06 13:58:15.584  INFO 13839 --- [    Test worker] o.s.t.web.servlet.TestDispatcherServlet  : Initializing Servlet ''
2022-05-06 13:58:15.598  INFO 13839 --- [    Test worker] o.s.t.web.servlet.TestDispatcherServlet  : Completed initialization in 14 ms
2022-05-06 13:58:15.650  INFO 13839 --- [    Test worker] c.a.b.s.web.HelloControllerTest          : Started HelloControllerTest in 2.284 seconds (JVM running for 3.324)
]]></system-out>
  <system-err><![CDATA[]]></system-err>
</testsuite>
