<?xml version="1.0" encoding="UTF-8"?>
<testsuite name="com.achi.book.springboot.web.IndexControllerTest" tests="1" skipped="0" failures="0" errors="0" timestamp="2022-05-27T02:41:48" hostname="inangdoui-MacBookPro.local" time="0.129">
  <properties/>
  <testcase name="메인페이지_로딩" classname="com.achi.book.springboot.web.IndexControllerTest" time="0.129"/>
  <system-out><![CDATA[2022-05-27 11:41:48.791  INFO 5877 --- [    Test worker] .b.t.c.SpringBootTestContextBootstrapper : Neither @ContextConfiguration nor @ContextHierarchy found for test class [com.achi.book.springboot.web.IndexControllerTest], using SpringBootContextLoader
2022-05-27 11:41:48.792  INFO 5877 --- [    Test worker] o.s.t.c.support.AbstractContextLoader    : Could not detect default resource locations for test class [com.achi.book.springboot.web.IndexControllerTest]: no resource found for suffixes {-context.xml, Context.groovy}.
2022-05-27 11:41:48.793  INFO 5877 --- [    Test worker] t.c.s.AnnotationConfigContextLoaderUtils : Could not detect default configuration classes for test class [com.achi.book.springboot.web.IndexControllerTest]: IndexControllerTest does not declare any static, non-private, non-final, nested classes annotated with @Configuration.
2022-05-27 11:41:48.794  INFO 5877 --- [    Test worker] .b.t.c.SpringBootTestContextBootstrapper : Found @SpringBootConfiguration com.achi.book.springboot.Application for test class com.achi.book.springboot.web.IndexControllerTest
2022-05-27 11:41:48.796  INFO 5877 --- [    Test worker] .b.t.c.SpringBootTestContextBootstrapper : Loaded default TestExecutionListener class names from location [META-INF/spring.factories]: [org.springframework.security.test.context.support.WithSecurityContextTestExecutionListener, org.springframework.security.test.context.support.ReactorContextTestExecutionListener, org.springframework.boot.test.autoconfigure.restdocs.RestDocsTestExecutionListener, org.springframework.boot.test.autoconfigure.web.client.MockRestServiceServerResetTestExecutionListener, org.springframework.boot.test.autoconfigure.web.servlet.MockMvcPrintOnlyOnFailureTestExecutionListener, org.springframework.boot.test.autoconfigure.web.servlet.WebDriverTestExecutionListener, org.springframework.boot.test.mock.mockito.MockitoTestExecutionListener, org.springframework.boot.test.mock.mockito.ResetMocksTestExecutionListener, org.springframework.test.context.web.ServletTestExecutionListener, org.springframework.test.context.support.DirtiesContextBeforeModesTestExecutionListener, org.springframework.test.context.support.DependencyInjectionTestExecutionListener, org.springframework.test.context.support.DirtiesContextTestExecutionListener, org.springframework.test.context.transaction.TransactionalTestExecutionListener, org.springframework.test.context.jdbc.SqlScriptsTestExecutionListener]
2022-05-27 11:41:48.797  INFO 5877 --- [    Test worker] .b.t.c.SpringBootTestContextBootstrapper : Using TestExecutionListeners: [org.springframework.test.context.web.ServletTestExecutionListener@4d3c92df, org.springframework.test.context.support.DirtiesContextBeforeModesTestExecutionListener@ff24b4d, org.springframework.boot.test.mock.mockito.MockitoTestExecutionListener@33fda67, org.springframework.boot.test.autoconfigure.SpringBootDependencyInjectionTestExecutionListener@2d7ce24b, org.springframework.test.context.support.DirtiesContextTestExecutionListener@4ff2751, org.springframework.test.context.transaction.TransactionalTestExecutionListener@19caaca0, org.springframework.test.context.jdbc.SqlScriptsTestExecutionListener@64dbb11c, org.springframework.security.test.context.support.WithSecurityContextTestExecutionListener@2e7f6976, org.springframework.security.test.context.support.ReactorContextTestExecutionListener@53471647, org.springframework.boot.test.autoconfigure.restdocs.RestDocsTestExecutionListener@1f241f23, org.springframework.boot.test.autoconfigure.web.client.MockRestServiceServerResetTestExecutionListener@26ce0e8a, org.springframework.boot.test.autoconfigure.web.servlet.MockMvcPrintOnlyOnFailureTestExecutionListener@73afe7fc, org.springframework.boot.test.autoconfigure.web.servlet.WebDriverTestExecutionListener@183132e0, org.springframework.boot.test.mock.mockito.ResetMocksTestExecutionListener@2753ebc2]
Hibernate: select posts0_.id as id1_0_, posts0_.created_date as created_2_0_, posts0_.modified_date as modified3_0_, posts0_.author as author4_0_, posts0_.content as content5_0_, posts0_.title as title6_0_ from posts posts0_ order by posts0_.id DESC
]]></system-out>
  <system-err><![CDATA[]]></system-err>
</testsuite>
