<?xml version="1.0" encoding="UTF-8"?>
<testsuite name="com.achi.book.springboot.web.dto.HelloResponseDtoTest" tests="1" skipped="0" failures="0" errors="0" timestamp="2022-05-25T07:54:54" hostname="inangdoui-MacBookPro.local" time="0.069">
  <properties/>
  <testcase name="롬복_기능_테스트" classname="com.achi.book.springboot.web.dto.HelloResponseDtoTest" time="0.069"/>
  <system-out><![CDATA[]]></system-out>
  <system-err><![CDATA[]]></system-err>
</testsuite>
