<?xml version="1.0" encoding="UTF-8"?>
<testsuite name="com.achi.book.springboot.domain.posts.PostsRepositoryTest" tests="2" skipped="0" failures="0" errors="0" timestamp="2022-05-10T10:09:52" hostname="inangdoui-MacBookPro.local" time="0.028">
  <properties/>
  <testcase name="게시글저장_불러오기" classname="com.achi.book.springboot.domain.posts.PostsRepositoryTest" time="0.017"/>
  <testcase name="BaseTimeEntity_등록" classname="com.achi.book.springboot.domain.posts.PostsRepositoryTest" time="0.01"/>
  <system-out><![CDATA[2022-05-10 19:09:51.346  INFO 6307 --- [    Test worker] .b.t.c.SpringBootTestContextBootstrapper : Neither @ContextConfiguration nor @ContextHierarchy found for test class [com.achi.book.springboot.domain.posts.PostsRepositoryTest], using SpringBootContextLoader
2022-05-10 19:09:51.347  INFO 6307 --- [    Test worker] o.s.t.c.support.AbstractContextLoader    : Could not detect default resource locations for test class [com.achi.book.springboot.domain.posts.PostsRepositoryTest]: no resource found for suffixes {-context.xml, Context.groovy}.
2022-05-10 19:09:51.347  INFO 6307 --- [    Test worker] t.c.s.AnnotationConfigContextLoaderUtils : Could not detect default configuration classes for test class [com.achi.book.springboot.domain.posts.PostsRepositoryTest]: PostsRepositoryTest does not declare any static, non-private, non-final, nested classes annotated with @Configuration.
2022-05-10 19:09:51.354  INFO 6307 --- [    Test worker] .b.t.c.SpringBootTestContextBootstrapper : Found @SpringBootConfiguration com.achi.book.springboot.Application for test class com.achi.book.springboot.domain.posts.PostsRepositoryTest
2022-05-10 19:09:51.356  INFO 6307 --- [    Test worker] .b.t.c.SpringBootTestContextBootstrapper : Loaded default TestExecutionListener class names from location [META-INF/spring.factories]: [org.springframework.security.test.context.support.WithSecurityContextTestExecutionListener, org.springframework.security.test.context.support.ReactorContextTestExecutionListener, org.springframework.boot.test.autoconfigure.restdocs.RestDocsTestExecutionListener, org.springframework.boot.test.autoconfigure.web.client.MockRestServiceServerResetTestExecutionListener, org.springframework.boot.test.autoconfigure.web.servlet.MockMvcPrintOnlyOnFailureTestExecutionListener, org.springframework.boot.test.autoconfigure.web.servlet.WebDriverTestExecutionListener, org.springframework.boot.test.mock.mockito.MockitoTestExecutionListener, org.springframework.boot.test.mock.mockito.ResetMocksTestExecutionListener, org.springframework.test.context.web.ServletTestExecutionListener, org.springframework.test.context.support.DirtiesContextBeforeModesTestExecutionListener, org.springframework.test.context.support.DependencyInjectionTestExecutionListener, org.springframework.test.context.support.DirtiesContextTestExecutionListener, org.springframework.test.context.transaction.TransactionalTestExecutionListener, org.springframework.test.context.jdbc.SqlScriptsTestExecutionListener]
2022-05-10 19:09:51.357  INFO 6307 --- [    Test worker] .b.t.c.SpringBootTestContextBootstrapper : Using TestExecutionListeners: [org.springframework.test.context.web.ServletTestExecutionListener@29ec5f23, org.springframework.test.context.support.DirtiesContextBeforeModesTestExecutionListener@7b870639, org.springframework.boot.test.mock.mockito.MockitoTestExecutionListener@dad06ad, org.springframework.boot.test.autoconfigure.SpringBootDependencyInjectionTestExecutionListener@1909e6ad, org.springframework.test.context.support.DirtiesContextTestExecutionListener@52d7a7e8, org.springframework.test.context.transaction.TransactionalTestExecutionListener@1122d545, org.springframework.test.context.jdbc.SqlScriptsTestExecutionListener@74df21a2, org.springframework.security.test.context.support.WithSecurityContextTestExecutionListener@22359d1a, org.springframework.security.test.context.support.ReactorContextTestExecutionListener@4d328653, org.springframework.boot.test.autoconfigure.restdocs.RestDocsTestExecutionListener@4abdfa4d, org.springframework.boot.test.autoconfigure.web.client.MockRestServiceServerResetTestExecutionListener@47e21089, org.springframework.boot.test.autoconfigure.web.servlet.MockMvcPrintOnlyOnFailureTestExecutionListener@49319822, org.springframework.boot.test.autoconfigure.web.servlet.WebDriverTestExecutionListener@10e89f49, org.springframework.boot.test.mock.mockito.ResetMocksTestExecutionListener@3522608b]

  .   ____          _            __ _ _
 /\\ / ___'_ __ _ _(_)_ __  __ _ \ \ \ \
( ( )\___ | '_ | '_| | '_ \/ _` | \ \ \ \
 \\/  ___)| |_)| | | | | || (_| |  ) ) ) )
  '  |____| .__|_| |_|_| |_\__, | / / / /
 =========|_|==============|___/=/_/_/_/
 :: Spring Boot ::        (v2.1.7.RELEASE)

2022-05-10 19:09:51.376  INFO 6307 --- [    Test worker] c.a.b.s.d.posts.PostsRepositoryTest      : Starting PostsRepositoryTest on inangdoui-MacBookPro.local with PID 6307 (started by leenangdo in /Users/leenangdo/IdeaProjects/SpringBoot2-Webservice)
2022-05-10 19:09:51.376  INFO 6307 --- [    Test worker] c.a.b.s.d.posts.PostsRepositoryTest      : No active profile set, falling back to default profiles: default
2022-05-10 19:09:51.553  INFO 6307 --- [    Test worker] .s.d.r.c.RepositoryConfigurationDelegate : Bootstrapping Spring Data repositories in DEFAULT mode.
2022-05-10 19:09:51.566  INFO 6307 --- [    Test worker] .s.d.r.c.RepositoryConfigurationDelegate : Finished Spring Data repository scanning in 13ms. Found 2 repository interfaces.
2022-05-10 19:09:51.662  INFO 6307 --- [    Test worker] trationDelegate$BeanPostProcessorChecker : Bean 'org.springframework.transaction.annotation.ProxyTransactionManagementConfiguration' of type [org.springframework.transaction.annotation.ProxyTransactionManagementConfiguration$$EnhancerBySpringCGLIB$$6fb0f061] is not eligible for getting processed by all BeanPostProcessors (for example: not eligible for auto-proxying)
2022-05-10 19:09:51.752  INFO 6307 --- [    Test worker] com.zaxxer.hikari.HikariDataSource       : HikariPool-2 - Starting...
2022-05-10 19:09:51.753  INFO 6307 --- [    Test worker] com.zaxxer.hikari.HikariDataSource       : HikariPool-2 - Start completed.
2022-05-10 19:09:51.777  INFO 6307 --- [    Test worker] o.hibernate.jpa.internal.util.LogHelper  : HHH000204: Processing PersistenceUnitInfo [
	name: default
	...]
2022-05-10 19:09:51.783  INFO 6307 --- [    Test worker] org.hibernate.dialect.Dialect            : HHH000400: Using dialect: org.hibernate.dialect.MySQL5InnoDBDialect
Hibernate: drop table if exists posts
Hibernate: drop table if exists user
Hibernate: create table posts (id bigint not null auto_increment, created_date datetime, modified_date datetime, author varchar(255), content TEXT not null, title varchar(500) not null, primary key (id)) engine=InnoDB
Hibernate: create table user (id bigint not null auto_increment, created_date datetime, modified_date datetime, email varchar(255) not null, name varchar(255) not null, picture varchar(255), role varchar(255) not null, primary key (id)) engine=InnoDB
2022-05-10 19:09:51.838  INFO 6307 --- [    Test worker] o.h.t.schema.internal.SchemaCreatorImpl  : HHH000476: Executing import script 'org.hibernate.tool.schema.internal.exec.ScriptSourceInputNonExistentImpl@5d91e16e'
2022-05-10 19:09:51.839  INFO 6307 --- [    Test worker] j.LocalContainerEntityManagerFactoryBean : Initialized JPA EntityManagerFactory for persistence unit 'default'
2022-05-10 19:09:52.009  INFO 6307 --- [    Test worker] o.h.h.i.QueryTranslatorFactoryInitiator  : HHH000397: Using ASTQueryTranslatorFactory
2022-05-10 19:09:52.137  INFO 6307 --- [    Test worker] o.s.s.web.DefaultSecurityFilterChain     : Creating filter chain: any request, [org.springframework.security.web.context.request.async.WebAsyncManagerIntegrationFilter@1e158ed2, org.springframework.security.web.context.SecurityContextPersistenceFilter@1136f922, org.springframework.security.web.header.HeaderWriterFilter@3c0639a, org.springframework.security.web.authentication.logout.LogoutFilter@d2f461a, org.springframework.security.oauth2.client.web.OAuth2AuthorizationRequestRedirectFilter@2efe3a5c, org.springframework.security.oauth2.client.web.OAuth2LoginAuthenticationFilter@6f8e7cd0, org.springframework.security.web.authentication.ui.DefaultLoginPageGeneratingFilter@2bf655af, org.springframework.security.web.authentication.ui.DefaultLogoutPageGeneratingFilter@1c563078, org.springframework.security.web.savedrequest.RequestCacheAwareFilter@51d04592, org.springframework.security.web.servletapi.SecurityContextHolderAwareRequestFilter@518c3081, org.springframework.security.web.authentication.AnonymousAuthenticationFilter@43a5c574, org.springframework.security.web.session.SessionManagementFilter@257bef70, org.springframework.security.web.access.ExceptionTranslationFilter@5762f89e, org.springframework.security.web.access.intercept.FilterSecurityInterceptor@28a55c94]
2022-05-10 19:09:52.378  INFO 6307 --- [    Test worker] o.s.s.concurrent.ThreadPoolTaskExecutor  : Initializing ExecutorService 'applicationTaskExecutor'
2022-05-10 19:09:52.391  WARN 6307 --- [    Test worker] aWebConfiguration$JpaWebMvcConfiguration : spring.jpa.open-in-view is enabled by default. Therefore, database queries may be performed during view rendering. Explicitly configure spring.jpa.open-in-view to disable this warning
2022-05-10 19:09:52.414  INFO 6307 --- [    Test worker] o.s.b.a.w.s.WelcomePageHandlerMapping    : Adding welcome page template: index
2022-05-10 19:09:52.693  INFO 6307 --- [    Test worker] s.a.ScheduledAnnotationBeanPostProcessor : No TaskScheduler/ScheduledExecutorService bean found for scheduled processing
2022-05-10 19:09:52.694  INFO 6307 --- [    Test worker] c.a.b.s.d.posts.PostsRepositoryTest      : Started PostsRepositoryTest in 1.336 seconds (JVM running for 9.477)
Hibernate: insert into posts (created_date, modified_date, author, content, title) values (?, ?, ?, ?, ?)
Hibernate: select posts0_.id as id1_0_, posts0_.created_date as created_2_0_, posts0_.modified_date as modified3_0_, posts0_.author as author4_0_, posts0_.content as content5_0_, posts0_.title as title6_0_ from posts posts0_
Hibernate: select posts0_.id as id1_0_, posts0_.created_date as created_2_0_, posts0_.modified_date as modified3_0_, posts0_.author as author4_0_, posts0_.content as content5_0_, posts0_.title as title6_0_ from posts posts0_
Hibernate: delete from posts where id=?
Hibernate: insert into posts (created_date, modified_date, author, content, title) values (?, ?, ?, ?, ?)
Hibernate: select posts0_.id as id1_0_, posts0_.created_date as created_2_0_, posts0_.modified_date as modified3_0_, posts0_.author as author4_0_, posts0_.content as content5_0_, posts0_.title as title6_0_ from posts posts0_
>>>>>>>> createDate=2022-05-10T19:09:52.717, modifiedDate=2022-05-10T19:09:52.717
Hibernate: select posts0_.id as id1_0_, posts0_.created_date as created_2_0_, posts0_.modified_date as modified3_0_, posts0_.author as author4_0_, posts0_.content as content5_0_, posts0_.title as title6_0_ from posts posts0_
Hibernate: delete from posts where id=?
]]></system-out>
  <system-err><![CDATA[]]></system-err>
</testsuite>
