<?xml version="1.0" encoding="UTF-8"?>
<testsuite name="com.achi.book.springboot.web.HelloControllerTest" tests="2" skipped="0" failures="0" errors="0" timestamp="2022-05-27T02:41:48" hostname="inangdoui-MacBookPro.local" time="0.125">
  <properties/>
  <testcase name="hello가_리턴된다" classname="com.achi.book.springboot.web.HelloControllerTest" time="0.032"/>
  <testcase name="helloDto가_리턴된다" classname="com.achi.book.springboot.web.HelloControllerTest" time="0.092"/>
  <system-out><![CDATA[2022-05-27 11:41:47.824  INFO 5877 --- [    Test worker] .b.t.a.w.s.WebMvcTestContextBootstrapper : Neither @ContextConfiguration nor @ContextHierarchy found for test class [com.achi.book.springboot.web.HelloControllerTest], using SpringBootContextLoader
2022-05-27 11:41:47.825  INFO 5877 --- [    Test worker] o.s.t.c.support.AbstractContextLoader    : Could not detect default resource locations for test class [com.achi.book.springboot.web.HelloControllerTest]: no resource found for suffixes {-context.xml, Context.groovy}.
2022-05-27 11:41:47.825  INFO 5877 --- [    Test worker] t.c.s.AnnotationConfigContextLoaderUtils : Could not detect default configuration classes for test class [com.achi.book.springboot.web.HelloControllerTest]: HelloControllerTest does not declare any static, non-private, non-final, nested classes annotated with @Configuration.
2022-05-27 11:41:47.846  INFO 5877 --- [    Test worker] .b.t.c.SpringBootTestContextBootstrapper : Found @SpringBootConfiguration com.achi.book.springboot.Application for test class com.achi.book.springboot.web.HelloControllerTest
2022-05-27 11:41:47.847  INFO 5877 --- [    Test worker] .b.t.a.w.s.WebMvcTestContextBootstrapper : Loaded default TestExecutionListener class names from location [META-INF/spring.factories]: [org.springframework.security.test.context.support.WithSecurityContextTestExecutionListener, org.springframework.security.test.context.support.ReactorContextTestExecutionListener, org.springframework.boot.test.autoconfigure.restdocs.RestDocsTestExecutionListener, org.springframework.boot.test.autoconfigure.web.client.MockRestServiceServerResetTestExecutionListener, org.springframework.boot.test.autoconfigure.web.servlet.MockMvcPrintOnlyOnFailureTestExecutionListener, org.springframework.boot.test.autoconfigure.web.servlet.WebDriverTestExecutionListener, org.springframework.boot.test.mock.mockito.MockitoTestExecutionListener, org.springframework.boot.test.mock.mockito.ResetMocksTestExecutionListener, org.springframework.test.context.web.ServletTestExecutionListener, org.springframework.test.context.support.DirtiesContextBeforeModesTestExecutionListener, org.springframework.test.context.support.DependencyInjectionTestExecutionListener, org.springframework.test.context.support.DirtiesContextTestExecutionListener, org.springframework.test.context.transaction.TransactionalTestExecutionListener, org.springframework.test.context.jdbc.SqlScriptsTestExecutionListener]
2022-05-27 11:41:47.848  INFO 5877 --- [    Test worker] .b.t.a.w.s.WebMvcTestContextBootstrapper : Using TestExecutionListeners: [org.springframework.test.context.web.ServletTestExecutionListener@69756619, org.springframework.test.context.support.DirtiesContextBeforeModesTestExecutionListener@1242dd20, org.springframework.boot.test.mock.mockito.MockitoTestExecutionListener@1dba6b05, org.springframework.boot.test.autoconfigure.SpringBootDependencyInjectionTestExecutionListener@5fea92d5, org.springframework.test.context.support.DirtiesContextTestExecutionListener@1ded729f, org.springframework.test.context.transaction.TransactionalTestExecutionListener@19c207df, org.springframework.test.context.jdbc.SqlScriptsTestExecutionListener@57eeb5a1, org.springframework.security.test.context.support.WithSecurityContextTestExecutionListener@5c99f9b3, org.springframework.security.test.context.support.ReactorContextTestExecutionListener@2a960135, org.springframework.boot.test.autoconfigure.restdocs.RestDocsTestExecutionListener@23e30747, org.springframework.boot.test.autoconfigure.web.client.MockRestServiceServerResetTestExecutionListener@182ed27, org.springframework.boot.test.autoconfigure.web.servlet.MockMvcPrintOnlyOnFailureTestExecutionListener@1245c8c5, org.springframework.boot.test.autoconfigure.web.servlet.WebDriverTestExecutionListener@840fc11, org.springframework.boot.test.mock.mockito.ResetMocksTestExecutionListener@33220b61]

  .   ____          _            __ _ _
 /\\ / ___'_ __ _ _(_)_ __  __ _ \ \ \ \
( ( )\___ | '_ | '_| | '_ \/ _` | \ \ \ \
 \\/  ___)| |_)| | | | | || (_| |  ) ) ) )
  '  |____| .__|_| |_|_| |_\__, | / / / /
 =========|_|==============|___/=/_/_/_/
 :: Spring Boot ::        (v2.1.7.RELEASE)

2022-05-27 11:41:47.888  INFO 5877 --- [    Test worker] c.a.b.s.web.HelloControllerTest          : Starting HelloControllerTest on inangdoui-MacBookPro.local with PID 5877 (started by leenangdo in /Users/leenangdo/IdeaProjects/SpringBoot2-Webservice)
2022-05-27 11:41:47.890  INFO 5877 --- [    Test worker] c.a.b.s.web.HelloControllerTest          : No active profile set, falling back to default profiles: default
2022-05-27 11:41:48.285  INFO 5877 --- [    Test worker] o.s.s.concurrent.ThreadPoolTaskExecutor  : Initializing ExecutorService 'applicationTaskExecutor'
2022-05-27 11:41:48.323  INFO 5877 --- [    Test worker] o.s.b.a.w.s.WelcomePageHandlerMapping    : Adding welcome page template: index
2022-05-27 11:41:48.495  INFO 5877 --- [    Test worker] .s.s.UserDetailsServiceAutoConfiguration : 

Using generated security password: ea0b5f3f-d567-4970-845c-1b8b1732575f

2022-05-27 11:41:48.603  INFO 5877 --- [    Test worker] o.s.s.web.DefaultSecurityFilterChain     : Creating filter chain: any request, [org.springframework.security.web.context.request.async.WebAsyncManagerIntegrationFilter@3689aaff, org.springframework.security.web.context.SecurityContextPersistenceFilter@cb537b4, org.springframework.security.web.header.HeaderWriterFilter@2424e893, org.springframework.security.web.csrf.CsrfFilter@5adf1e14, org.springframework.security.web.authentication.logout.LogoutFilter@1b4e2c9a, org.springframework.security.web.authentication.UsernamePasswordAuthenticationFilter@677b5105, org.springframework.security.web.authentication.ui.DefaultLoginPageGeneratingFilter@25f7a50d, org.springframework.security.web.authentication.ui.DefaultLogoutPageGeneratingFilter@1482e3cd, org.springframework.security.web.authentication.www.BasicAuthenticationFilter@519749e2, org.springframework.security.web.savedrequest.RequestCacheAwareFilter@6b9d64aa, org.springframework.security.web.servletapi.SecurityContextHolderAwareRequestFilter@687e693a, org.springframework.security.web.authentication.AnonymousAuthenticationFilter@7f3170e6, org.springframework.security.web.session.SessionManagementFilter@6296dbd, org.springframework.security.web.access.ExceptionTranslationFilter@5e673515, org.springframework.security.web.access.intercept.FilterSecurityInterceptor@2d511129]
2022-05-27 11:41:48.623  INFO 5877 --- [    Test worker] o.s.b.t.m.w.SpringBootMockServletContext : Initializing Spring TestDispatcherServlet ''
2022-05-27 11:41:48.623  INFO 5877 --- [    Test worker] o.s.t.web.servlet.TestDispatcherServlet  : Initializing Servlet ''
2022-05-27 11:41:48.629  INFO 5877 --- [    Test worker] o.s.t.web.servlet.TestDispatcherServlet  : Completed initialization in 5 ms
2022-05-27 11:41:48.659  INFO 5877 --- [    Test worker] c.a.b.s.web.HelloControllerTest          : Started HelloControllerTest in 0.802 seconds (JVM running for 10.22)
]]></system-out>
  <system-err><![CDATA[]]></system-err>
</testsuite>
