<?xml version="1.0" encoding="UTF-8"?>
<testsuite name="com.achi.book.springboot.web.PostsApiControllerTest" tests="2" skipped="0" failures="0" errors="0" timestamp="2022-05-27T02:41:48" hostname="inangdoui-MacBookPro.local" time="0.239">
  <properties/>
  <testcase name="Posts_등록된다" classname="com.achi.book.springboot.web.PostsApiControllerTest" time="0.206"/>
  <testcase name="Posts_수정된다" classname="com.achi.book.springboot.web.PostsApiControllerTest" time="0.032"/>
  <system-out><![CDATA[2022-05-27 11:41:48.934  INFO 5877 --- [    Test worker] .b.t.c.SpringBootTestContextBootstrapper : Neither @ContextConfiguration nor @ContextHierarchy found for test class [com.achi.book.springboot.web.PostsApiControllerTest], using SpringBootContextLoader
2022-05-27 11:41:48.936  INFO 5877 --- [    Test worker] o.s.t.c.support.AbstractContextLoader    : Could not detect default resource locations for test class [com.achi.book.springboot.web.PostsApiControllerTest]: no resource found for suffixes {-context.xml, Context.groovy}.
2022-05-27 11:41:48.937  INFO 5877 --- [    Test worker] t.c.s.AnnotationConfigContextLoaderUtils : Could not detect default configuration classes for test class [com.achi.book.springboot.web.PostsApiControllerTest]: PostsApiControllerTest does not declare any static, non-private, non-final, nested classes annotated with @Configuration.
2022-05-27 11:41:48.940  INFO 5877 --- [    Test worker] .b.t.c.SpringBootTestContextBootstrapper : Found @SpringBootConfiguration com.achi.book.springboot.Application for test class com.achi.book.springboot.web.PostsApiControllerTest
2022-05-27 11:41:48.942  INFO 5877 --- [    Test worker] .b.t.c.SpringBootTestContextBootstrapper : Loaded default TestExecutionListener class names from location [META-INF/spring.factories]: [org.springframework.security.test.context.support.WithSecurityContextTestExecutionListener, org.springframework.security.test.context.support.ReactorContextTestExecutionListener, org.springframework.boot.test.autoconfigure.restdocs.RestDocsTestExecutionListener, org.springframework.boot.test.autoconfigure.web.client.MockRestServiceServerResetTestExecutionListener, org.springframework.boot.test.autoconfigure.web.servlet.MockMvcPrintOnlyOnFailureTestExecutionListener, org.springframework.boot.test.autoconfigure.web.servlet.WebDriverTestExecutionListener, org.springframework.boot.test.mock.mockito.MockitoTestExecutionListener, org.springframework.boot.test.mock.mockito.ResetMocksTestExecutionListener, org.springframework.test.context.web.ServletTestExecutionListener, org.springframework.test.context.support.DirtiesContextBeforeModesTestExecutionListener, org.springframework.test.context.support.DependencyInjectionTestExecutionListener, org.springframework.test.context.support.DirtiesContextTestExecutionListener, org.springframework.test.context.transaction.TransactionalTestExecutionListener, org.springframework.test.context.jdbc.SqlScriptsTestExecutionListener]
2022-05-27 11:41:48.943  INFO 5877 --- [    Test worker] .b.t.c.SpringBootTestContextBootstrapper : Using TestExecutionListeners: [org.springframework.test.context.web.ServletTestExecutionListener@72a740fb, org.springframework.test.context.support.DirtiesContextBeforeModesTestExecutionListener@22226504, org.springframework.boot.test.mock.mockito.MockitoTestExecutionListener@3b3454ee, org.springframework.boot.test.autoconfigure.SpringBootDependencyInjectionTestExecutionListener@329471ed, org.springframework.test.context.support.DirtiesContextTestExecutionListener@7afc5fdc, org.springframework.test.context.transaction.TransactionalTestExecutionListener@4b471fc2, org.springframework.test.context.jdbc.SqlScriptsTestExecutionListener@524db160, org.springframework.security.test.context.support.WithSecurityContextTestExecutionListener@4347b9dd, org.springframework.security.test.context.support.ReactorContextTestExecutionListener@5bdd0cd6, org.springframework.boot.test.autoconfigure.restdocs.RestDocsTestExecutionListener@2897a160, org.springframework.boot.test.autoconfigure.web.client.MockRestServiceServerResetTestExecutionListener@176ed3a3, org.springframework.boot.test.autoconfigure.web.servlet.MockMvcPrintOnlyOnFailureTestExecutionListener@699909c2, org.springframework.boot.test.autoconfigure.web.servlet.WebDriverTestExecutionListener@5a11039b, org.springframework.boot.test.mock.mockito.ResetMocksTestExecutionListener@4f183518]
2022-05-27 11:41:48.951  INFO 5877 --- [    Test worker] o.a.c.c.C.[Tomcat].[localhost].[/]       : Initializing Spring TestDispatcherServlet ''
2022-05-27 11:41:48.952  INFO 5877 --- [    Test worker] o.s.t.web.servlet.TestDispatcherServlet  : Initializing Servlet ''
2022-05-27 11:41:48.956  INFO 5877 --- [    Test worker] o.s.t.web.servlet.TestDispatcherServlet  : Completed initialization in 4 ms
Hibernate: insert into posts (created_date, modified_date, author, content, title) values (?, ?, ?, ?, ?)
Hibernate: select posts0_.id as id1_0_, posts0_.created_date as created_2_0_, posts0_.modified_date as modified3_0_, posts0_.author as author4_0_, posts0_.content as content5_0_, posts0_.title as title6_0_ from posts posts0_
Hibernate: select posts0_.id as id1_0_, posts0_.created_date as created_2_0_, posts0_.modified_date as modified3_0_, posts0_.author as author4_0_, posts0_.content as content5_0_, posts0_.title as title6_0_ from posts posts0_
Hibernate: delete from posts where id=?
2022-05-27 11:41:49.156  INFO 5877 --- [    Test worker] o.a.c.c.C.[Tomcat].[localhost].[/]       : Initializing Spring TestDispatcherServlet ''
2022-05-27 11:41:49.156  INFO 5877 --- [    Test worker] o.s.t.web.servlet.TestDispatcherServlet  : Initializing Servlet ''
2022-05-27 11:41:49.159  INFO 5877 --- [    Test worker] o.s.t.web.servlet.TestDispatcherServlet  : Completed initialization in 3 ms
Hibernate: insert into posts (created_date, modified_date, author, content, title) values (?, ?, ?, ?, ?)
Hibernate: select posts0_.id as id1_0_0_, posts0_.created_date as created_2_0_0_, posts0_.modified_date as modified3_0_0_, posts0_.author as author4_0_0_, posts0_.content as content5_0_0_, posts0_.title as title6_0_0_ from posts posts0_ where posts0_.id=?
Hibernate: update posts set created_date=?, modified_date=?, author=?, content=?, title=? where id=?
Hibernate: select posts0_.id as id1_0_, posts0_.created_date as created_2_0_, posts0_.modified_date as modified3_0_, posts0_.author as author4_0_, posts0_.content as content5_0_, posts0_.title as title6_0_ from posts posts0_
Hibernate: select posts0_.id as id1_0_, posts0_.created_date as created_2_0_, posts0_.modified_date as modified3_0_, posts0_.author as author4_0_, posts0_.content as content5_0_, posts0_.title as title6_0_ from posts posts0_
Hibernate: delete from posts where id=?
]]></system-out>
  <system-err><![CDATA[]]></system-err>
</testsuite>
