<?xml version="1.0" encoding="UTF-8"?>
<testsuite name="com.achi.book.springboot.web.IndexControllerTest" tests="1" skipped="0" failures="0" errors="0" timestamp="2022-05-10T05:45:46" hostname="inangdoui-MacBookPro.local" time="0.217">
  <properties/>
  <testcase name="메인페이지_로딩" classname="com.achi.book.springboot.web.IndexControllerTest" time="0.217"/>
  <system-out><![CDATA[2022-05-10 14:45:42.017  INFO 5361 --- [    Test worker] .b.t.c.SpringBootTestContextBootstrapper : Neither @ContextConfiguration nor @ContextHierarchy found for test class [com.achi.book.springboot.web.IndexControllerTest], using SpringBootContextLoader
2022-05-10 14:45:42.018  INFO 5361 --- [    Test worker] o.s.t.c.support.AbstractContextLoader    : Could not detect default resource locations for test class [com.achi.book.springboot.web.IndexControllerTest]: no resource found for suffixes {-context.xml, Context.groovy}.
2022-05-10 14:45:42.019  INFO 5361 --- [    Test worker] t.c.s.AnnotationConfigContextLoaderUtils : Could not detect default configuration classes for test class [com.achi.book.springboot.web.IndexControllerTest]: IndexControllerTest does not declare any static, non-private, non-final, nested classes annotated with @Configuration.
2022-05-10 14:45:42.021  INFO 5361 --- [    Test worker] .b.t.c.SpringBootTestContextBootstrapper : Found @SpringBootConfiguration com.achi.book.springboot.Application for test class com.achi.book.springboot.web.IndexControllerTest
2022-05-10 14:45:42.023  INFO 5361 --- [    Test worker] .b.t.c.SpringBootTestContextBootstrapper : Loaded default TestExecutionListener class names from location [META-INF/spring.factories]: [org.springframework.security.test.context.support.WithSecurityContextTestExecutionListener, org.springframework.security.test.context.support.ReactorContextTestExecutionListener, org.springframework.boot.test.autoconfigure.restdocs.RestDocsTestExecutionListener, org.springframework.boot.test.autoconfigure.web.client.MockRestServiceServerResetTestExecutionListener, org.springframework.boot.test.autoconfigure.web.servlet.MockMvcPrintOnlyOnFailureTestExecutionListener, org.springframework.boot.test.autoconfigure.web.servlet.WebDriverTestExecutionListener, org.springframework.boot.test.mock.mockito.MockitoTestExecutionListener, org.springframework.boot.test.mock.mockito.ResetMocksTestExecutionListener, org.springframework.test.context.web.ServletTestExecutionListener, org.springframework.test.context.support.DirtiesContextBeforeModesTestExecutionListener, org.springframework.test.context.support.DependencyInjectionTestExecutionListener, org.springframework.test.context.support.DirtiesContextTestExecutionListener, org.springframework.test.context.transaction.TransactionalTestExecutionListener, org.springframework.test.context.jdbc.SqlScriptsTestExecutionListener]
2022-05-10 14:45:42.024  INFO 5361 --- [    Test worker] .b.t.c.SpringBootTestContextBootstrapper : Using TestExecutionListeners: [org.springframework.test.context.web.ServletTestExecutionListener@1e01f943, org.springframework.test.context.support.DirtiesContextBeforeModesTestExecutionListener@2ff7677a, org.springframework.boot.test.mock.mockito.MockitoTestExecutionListener@db0fef1, org.springframework.boot.test.autoconfigure.SpringBootDependencyInjectionTestExecutionListener@4cfba2a2, org.springframework.test.context.support.DirtiesContextTestExecutionListener@5d21819f, org.springframework.test.context.transaction.TransactionalTestExecutionListener@49f9f1f6, org.springframework.test.context.jdbc.SqlScriptsTestExecutionListener@4334c94e, org.springframework.security.test.context.support.WithSecurityContextTestExecutionListener@524b8d38, org.springframework.security.test.context.support.ReactorContextTestExecutionListener@337d397, org.springframework.boot.test.autoconfigure.restdocs.RestDocsTestExecutionListener@5c7e446, org.springframework.boot.test.autoconfigure.web.client.MockRestServiceServerResetTestExecutionListener@60dc3309, org.springframework.boot.test.autoconfigure.web.servlet.MockMvcPrintOnlyOnFailureTestExecutionListener@6ef04067, org.springframework.boot.test.autoconfigure.web.servlet.WebDriverTestExecutionListener@53e69d45, org.springframework.boot.test.mock.mockito.ResetMocksTestExecutionListener@69b9a6ab]

  .   ____          _            __ _ _
 /\\ / ___'_ __ _ _(_)_ __  __ _ \ \ \ \
( ( )\___ | '_ | '_| | '_ \/ _` | \ \ \ \
 \\/  ___)| |_)| | | | | || (_| |  ) ) ) )
  '  |____| .__|_| |_|_| |_\__, | / / / /
 =========|_|==============|___/=/_/_/_/
 :: Spring Boot ::        (v2.1.7.RELEASE)

2022-05-10 14:45:42.051  INFO 5361 --- [    Test worker] c.a.b.s.web.IndexControllerTest          : Starting IndexControllerTest on inangdoui-MacBookPro.local with PID 5361 (started by leenangdo in /Users/leenangdo/IdeaProjects/SpringBoot2-Webservice)
2022-05-10 14:45:42.052  INFO 5361 --- [    Test worker] c.a.b.s.web.IndexControllerTest          : No active profile set, falling back to default profiles: default
2022-05-10 14:45:42.397  INFO 5361 --- [    Test worker] .s.d.r.c.RepositoryConfigurationDelegate : Bootstrapping Spring Data repositories in DEFAULT mode.
2022-05-10 14:45:42.467  INFO 5361 --- [    Test worker] .s.d.r.c.RepositoryConfigurationDelegate : Finished Spring Data repository scanning in 60ms. Found 2 repository interfaces.
2022-05-10 14:45:42.727  INFO 5361 --- [    Test worker] trationDelegate$BeanPostProcessorChecker : Bean 'org.springframework.transaction.annotation.ProxyTransactionManagementConfiguration' of type [org.springframework.transaction.annotation.ProxyTransactionManagementConfiguration$$EnhancerBySpringCGLIB$$5676a267] is not eligible for getting processed by all BeanPostProcessors (for example: not eligible for auto-proxying)
2022-05-10 14:45:43.050  INFO 5361 --- [    Test worker] o.s.b.w.embedded.tomcat.TomcatWebServer  : Tomcat initialized with port(s): 0 (http)
2022-05-10 14:45:43.082  INFO 5361 --- [    Test worker] o.apache.catalina.core.StandardService   : Starting service [Tomcat]
2022-05-10 14:45:43.083  INFO 5361 --- [    Test worker] org.apache.catalina.core.StandardEngine  : Starting Servlet engine: [Apache Tomcat/9.0.22]
2022-05-10 14:45:43.210  INFO 5361 --- [    Test worker] o.a.c.c.C.[Tomcat].[localhost].[/]       : Initializing Spring embedded WebApplicationContext
2022-05-10 14:45:43.210  INFO 5361 --- [    Test worker] o.s.web.context.ContextLoader            : Root WebApplicationContext: initialization completed in 1157 ms
2022-05-10 14:45:43.468  INFO 5361 --- [    Test worker] com.zaxxer.hikari.HikariDataSource       : HikariPool-1 - Starting...
2022-05-10 14:45:43.679  INFO 5361 --- [    Test worker] com.zaxxer.hikari.HikariDataSource       : HikariPool-1 - Start completed.
2022-05-10 14:45:43.798  INFO 5361 --- [    Test worker] o.hibernate.jpa.internal.util.LogHelper  : HHH000204: Processing PersistenceUnitInfo [
	name: default
	...]
2022-05-10 14:45:43.900  INFO 5361 --- [    Test worker] org.hibernate.Version                    : HHH000412: Hibernate Core {5.3.10.Final}
2022-05-10 14:45:43.903  INFO 5361 --- [    Test worker] org.hibernate.cfg.Environment            : HHH000206: hibernate.properties not found
2022-05-10 14:45:43.970  INFO 5361 --- [    Test worker] o.hibernate.annotations.common.Version   : HCANN000001: Hibernate Commons Annotations {5.0.4.Final}
2022-05-10 14:45:44.173  INFO 5361 --- [    Test worker] org.hibernate.dialect.Dialect            : HHH000400: Using dialect: org.hibernate.dialect.MySQL5InnoDBDialect
Hibernate: drop table if exists posts
Hibernate: drop table if exists user
Hibernate: create table posts (id bigint not null auto_increment, created_date datetime, modified_date datetime, author varchar(255), content TEXT not null, title varchar(500) not null, primary key (id)) engine=InnoDB
Hibernate: create table user (id bigint not null auto_increment, created_date datetime, modified_date datetime, email varchar(255) not null, name varchar(255) not null, picture varchar(255), role varchar(255) not null, primary key (id)) engine=InnoDB
2022-05-10 14:45:45.167  INFO 5361 --- [    Test worker] o.h.t.schema.internal.SchemaCreatorImpl  : HHH000476: Executing import script 'org.hibernate.tool.schema.internal.exec.ScriptSourceInputNonExistentImpl@4f68bf50'
2022-05-10 14:45:45.171  INFO 5361 --- [    Test worker] j.LocalContainerEntityManagerFactoryBean : Initialized JPA EntityManagerFactory for persistence unit 'default'
2022-05-10 14:45:45.878  INFO 5361 --- [    Test worker] o.h.h.i.QueryTranslatorFactoryInitiator  : HHH000397: Using ASTQueryTranslatorFactory
2022-05-10 14:45:46.195  INFO 5361 --- [    Test worker] o.s.s.web.DefaultSecurityFilterChain     : Creating filter chain: any request, [org.springframework.security.web.context.request.async.WebAsyncManagerIntegrationFilter@48ec5677, org.springframework.security.web.context.SecurityContextPersistenceFilter@23dddc3a, org.springframework.security.web.header.HeaderWriterFilter@13f02a08, org.springframework.security.web.authentication.logout.LogoutFilter@1c484620, org.springframework.security.oauth2.client.web.OAuth2AuthorizationRequestRedirectFilter@7d53484b, org.springframework.security.oauth2.client.web.OAuth2LoginAuthenticationFilter@1f31464c, org.springframework.security.web.authentication.ui.DefaultLoginPageGeneratingFilter@51397c31, org.springframework.security.web.authentication.ui.DefaultLogoutPageGeneratingFilter@5a094350, org.springframework.security.web.savedrequest.RequestCacheAwareFilter@6ce2f016, org.springframework.security.web.servletapi.SecurityContextHolderAwareRequestFilter@7e5027e8, org.springframework.security.web.authentication.AnonymousAuthenticationFilter@4f1f7d7b, org.springframework.security.web.session.SessionManagementFilter@3f920a91, org.springframework.security.web.access.ExceptionTranslationFilter@4af0b01f, org.springframework.security.web.access.intercept.FilterSecurityInterceptor@7a4fe9b1]
2022-05-10 14:45:46.373  INFO 5361 --- [    Test worker] o.s.s.concurrent.ThreadPoolTaskExecutor  : Initializing ExecutorService 'applicationTaskExecutor'
2022-05-10 14:45:46.390  WARN 5361 --- [    Test worker] aWebConfiguration$JpaWebMvcConfiguration : spring.jpa.open-in-view is enabled by default. Therefore, database queries may be performed during view rendering. Explicitly configure spring.jpa.open-in-view to disable this warning
2022-05-10 14:45:46.424  INFO 5361 --- [    Test worker] o.s.b.a.w.s.WelcomePageHandlerMapping    : Adding welcome page template: index
2022-05-10 14:45:46.717  INFO 5361 --- [    Test worker] s.a.ScheduledAnnotationBeanPostProcessor : No TaskScheduler/ScheduledExecutorService bean found for scheduled processing
2022-05-10 14:45:46.744  INFO 5361 --- [    Test worker] o.s.b.w.embedded.tomcat.TomcatWebServer  : Tomcat started on port(s): 52705 (http) with context path ''
2022-05-10 14:45:46.745  INFO 5361 --- [    Test worker] c.a.b.s.web.IndexControllerTest          : Started IndexControllerTest in 4.719 seconds (JVM running for 8.627)
2022-05-10 14:45:46.848  INFO 5361 --- [o-auto-1-exec-1] o.a.c.c.C.[Tomcat].[localhost].[/]       : Initializing Spring DispatcherServlet 'dispatcherServlet'
2022-05-10 14:45:46.848  INFO 5361 --- [o-auto-1-exec-1] o.s.web.servlet.DispatcherServlet        : Initializing Servlet 'dispatcherServlet'
2022-05-10 14:45:46.864  INFO 5361 --- [o-auto-1-exec-1] o.s.web.servlet.DispatcherServlet        : Completed initialization in 15 ms
Hibernate: select posts0_.id as id1_0_, posts0_.created_date as created_2_0_, posts0_.modified_date as modified3_0_, posts0_.author as author4_0_, posts0_.content as content5_0_, posts0_.title as title6_0_ from posts posts0_ order by posts0_.id DESC
]]></system-out>
  <system-err><![CDATA[]]></system-err>
</testsuite>
