<?xml version="1.0" encoding="UTF-8"?>
<testsuite name="com.achi.book.springboot.web.HelloControllerTest" tests="2" skipped="0" failures="0" errors="0" timestamp="2022-05-25T07:55:02" hostname="inangdoui-MacBookPro.local" time="0.116">
  <properties/>
  <testcase name="hello가_리턴된다" classname="com.achi.book.springboot.web.HelloControllerTest" time="0.03"/>
  <testcase name="helloDto가_리턴된다" classname="com.achi.book.springboot.web.HelloControllerTest" time="0.086"/>
  <system-out><![CDATA[2022-05-25 16:55:01.598  INFO 42460 --- [    Test worker] .b.t.a.w.s.WebMvcTestContextBootstrapper : Neither @ContextConfiguration nor @ContextHierarchy found for test class [com.achi.book.springboot.web.HelloControllerTest], using SpringBootContextLoader
2022-05-25 16:55:01.599  INFO 42460 --- [    Test worker] o.s.t.c.support.AbstractContextLoader    : Could not detect default resource locations for test class [com.achi.book.springboot.web.HelloControllerTest]: no resource found for suffixes {-context.xml, Context.groovy}.
2022-05-25 16:55:01.599  INFO 42460 --- [    Test worker] t.c.s.AnnotationConfigContextLoaderUtils : Could not detect default configuration classes for test class [com.achi.book.springboot.web.HelloControllerTest]: HelloControllerTest does not declare any static, non-private, non-final, nested classes annotated with @Configuration.
2022-05-25 16:55:01.617  INFO 42460 --- [    Test worker] .b.t.c.SpringBootTestContextBootstrapper : Found @SpringBootConfiguration com.achi.book.springboot.Application for test class com.achi.book.springboot.web.HelloControllerTest
2022-05-25 16:55:01.618  INFO 42460 --- [    Test worker] .b.t.a.w.s.WebMvcTestContextBootstrapper : Loaded default TestExecutionListener class names from location [META-INF/spring.factories]: [org.springframework.security.test.context.support.WithSecurityContextTestExecutionListener, org.springframework.security.test.context.support.ReactorContextTestExecutionListener, org.springframework.boot.test.autoconfigure.restdocs.RestDocsTestExecutionListener, org.springframework.boot.test.autoconfigure.web.client.MockRestServiceServerResetTestExecutionListener, org.springframework.boot.test.autoconfigure.web.servlet.MockMvcPrintOnlyOnFailureTestExecutionListener, org.springframework.boot.test.autoconfigure.web.servlet.WebDriverTestExecutionListener, org.springframework.boot.test.mock.mockito.MockitoTestExecutionListener, org.springframework.boot.test.mock.mockito.ResetMocksTestExecutionListener, org.springframework.test.context.web.ServletTestExecutionListener, org.springframework.test.context.support.DirtiesContextBeforeModesTestExecutionListener, org.springframework.test.context.support.DependencyInjectionTestExecutionListener, org.springframework.test.context.support.DirtiesContextTestExecutionListener, org.springframework.test.context.transaction.TransactionalTestExecutionListener, org.springframework.test.context.jdbc.SqlScriptsTestExecutionListener]
2022-05-25 16:55:01.619  INFO 42460 --- [    Test worker] .b.t.a.w.s.WebMvcTestContextBootstrapper : Using TestExecutionListeners: [org.springframework.test.context.web.ServletTestExecutionListener@77570bce, org.springframework.test.context.support.DirtiesContextBeforeModesTestExecutionListener@22817ca0, org.springframework.boot.test.mock.mockito.MockitoTestExecutionListener@d62dde1, org.springframework.boot.test.autoconfigure.SpringBootDependencyInjectionTestExecutionListener@25fc6f7f, org.springframework.test.context.support.DirtiesContextTestExecutionListener@6a3a0975, org.springframework.test.context.transaction.TransactionalTestExecutionListener@43f71cee, org.springframework.test.context.jdbc.SqlScriptsTestExecutionListener@58615ca4, org.springframework.security.test.context.support.WithSecurityContextTestExecutionListener@1ea05740, org.springframework.security.test.context.support.ReactorContextTestExecutionListener@246b9440, org.springframework.boot.test.autoconfigure.restdocs.RestDocsTestExecutionListener@5f00ec4f, org.springframework.boot.test.autoconfigure.web.client.MockRestServiceServerResetTestExecutionListener@d561f77, org.springframework.boot.test.autoconfigure.web.servlet.MockMvcPrintOnlyOnFailureTestExecutionListener@11d043ca, org.springframework.boot.test.autoconfigure.web.servlet.WebDriverTestExecutionListener@69611c24, org.springframework.boot.test.mock.mockito.ResetMocksTestExecutionListener@315be7d3]

  .   ____          _            __ _ _
 /\\ / ___'_ __ _ _(_)_ __  __ _ \ \ \ \
( ( )\___ | '_ | '_| | '_ \/ _` | \ \ \ \
 \\/  ___)| |_)| | | | | || (_| |  ) ) ) )
  '  |____| .__|_| |_|_| |_\__, | / / / /
 =========|_|==============|___/=/_/_/_/
 :: Spring Boot ::        (v2.1.7.RELEASE)

2022-05-25 16:55:01.668  INFO 42460 --- [    Test worker] c.a.b.s.web.HelloControllerTest          : Starting HelloControllerTest on inangdoui-MacBookPro.local with PID 42460 (started by leenangdo in /Users/leenangdo/IdeaProjects/SpringBoot2-Webservice)
2022-05-25 16:55:01.670  INFO 42460 --- [    Test worker] c.a.b.s.web.HelloControllerTest          : No active profile set, falling back to default profiles: default
2022-05-25 16:55:02.015  INFO 42460 --- [    Test worker] o.s.s.concurrent.ThreadPoolTaskExecutor  : Initializing ExecutorService 'applicationTaskExecutor'
2022-05-25 16:55:02.042  INFO 42460 --- [    Test worker] o.s.b.a.w.s.WelcomePageHandlerMapping    : Adding welcome page template: index
2022-05-25 16:55:02.194  INFO 42460 --- [    Test worker] .s.s.UserDetailsServiceAutoConfiguration : 

Using generated security password: 752b5df0-29d6-496b-a601-3e23e0ce92af

2022-05-25 16:55:02.290  INFO 42460 --- [    Test worker] o.s.s.web.DefaultSecurityFilterChain     : Creating filter chain: any request, [org.springframework.security.web.context.request.async.WebAsyncManagerIntegrationFilter@1007dc61, org.springframework.security.web.context.SecurityContextPersistenceFilter@247ae0ed, org.springframework.security.web.header.HeaderWriterFilter@5ab5cecc, org.springframework.security.web.csrf.CsrfFilter@10ce68cf, org.springframework.security.web.authentication.logout.LogoutFilter@ca36a70, org.springframework.security.web.authentication.UsernamePasswordAuthenticationFilter@6a4d0582, org.springframework.security.web.authentication.ui.DefaultLoginPageGeneratingFilter@30314699, org.springframework.security.web.authentication.ui.DefaultLogoutPageGeneratingFilter@3a2d2f41, org.springframework.security.web.authentication.www.BasicAuthenticationFilter@5b2d067f, org.springframework.security.web.savedrequest.RequestCacheAwareFilter@f79f44d, org.springframework.security.web.servletapi.SecurityContextHolderAwareRequestFilter@7b4e88c0, org.springframework.security.web.authentication.AnonymousAuthenticationFilter@980c885, org.springframework.security.web.session.SessionManagementFilter@395e5d45, org.springframework.security.web.access.ExceptionTranslationFilter@6ba81007, org.springframework.security.web.access.intercept.FilterSecurityInterceptor@3b076179]
2022-05-25 16:55:02.307  INFO 42460 --- [    Test worker] o.s.b.t.m.w.SpringBootMockServletContext : Initializing Spring TestDispatcherServlet ''
2022-05-25 16:55:02.307  INFO 42460 --- [    Test worker] o.s.t.web.servlet.TestDispatcherServlet  : Initializing Servlet ''
2022-05-25 16:55:02.312  INFO 42460 --- [    Test worker] o.s.t.web.servlet.TestDispatcherServlet  : Completed initialization in 5 ms
2022-05-25 16:55:02.338  INFO 42460 --- [    Test worker] c.a.b.s.web.HelloControllerTest          : Started HelloControllerTest in 0.711 seconds (JVM running for 8.771)
]]></system-out>
  <system-err><![CDATA[]]></system-err>
</testsuite>
