<?xml version="1.0" encoding="UTF-8"?>
<testsuite name="com.achi.book.springboot.web.IndexControllerTest" tests="1" skipped="0" failures="0" errors="0" timestamp="2022-05-25T07:55:02" hostname="inangdoui-MacBookPro.local" time="0.088">
  <properties/>
  <testcase name="메인페이지_로딩" classname="com.achi.book.springboot.web.IndexControllerTest" time="0.088"/>
  <system-out><![CDATA[2022-05-25 16:55:02.459  INFO 42460 --- [    Test worker] .b.t.c.SpringBootTestContextBootstrapper : Neither @ContextConfiguration nor @ContextHierarchy found for test class [com.achi.book.springboot.web.IndexControllerTest], using SpringBootContextLoader
2022-05-25 16:55:02.460  INFO 42460 --- [    Test worker] o.s.t.c.support.AbstractContextLoader    : Could not detect default resource locations for test class [com.achi.book.springboot.web.IndexControllerTest]: no resource found for suffixes {-context.xml, Context.groovy}.
2022-05-25 16:55:02.460  INFO 42460 --- [    Test worker] t.c.s.AnnotationConfigContextLoaderUtils : Could not detect default configuration classes for test class [com.achi.book.springboot.web.IndexControllerTest]: IndexControllerTest does not declare any static, non-private, non-final, nested classes annotated with @Configuration.
2022-05-25 16:55:02.462  INFO 42460 --- [    Test worker] .b.t.c.SpringBootTestContextBootstrapper : Found @SpringBootConfiguration com.achi.book.springboot.Application for test class com.achi.book.springboot.web.IndexControllerTest
2022-05-25 16:55:02.463  INFO 42460 --- [    Test worker] .b.t.c.SpringBootTestContextBootstrapper : Loaded default TestExecutionListener class names from location [META-INF/spring.factories]: [org.springframework.security.test.context.support.WithSecurityContextTestExecutionListener, org.springframework.security.test.context.support.ReactorContextTestExecutionListener, org.springframework.boot.test.autoconfigure.restdocs.RestDocsTestExecutionListener, org.springframework.boot.test.autoconfigure.web.client.MockRestServiceServerResetTestExecutionListener, org.springframework.boot.test.autoconfigure.web.servlet.MockMvcPrintOnlyOnFailureTestExecutionListener, org.springframework.boot.test.autoconfigure.web.servlet.WebDriverTestExecutionListener, org.springframework.boot.test.mock.mockito.MockitoTestExecutionListener, org.springframework.boot.test.mock.mockito.ResetMocksTestExecutionListener, org.springframework.test.context.web.ServletTestExecutionListener, org.springframework.test.context.support.DirtiesContextBeforeModesTestExecutionListener, org.springframework.test.context.support.DependencyInjectionTestExecutionListener, org.springframework.test.context.support.DirtiesContextTestExecutionListener, org.springframework.test.context.transaction.TransactionalTestExecutionListener, org.springframework.test.context.jdbc.SqlScriptsTestExecutionListener]
2022-05-25 16:55:02.464  INFO 42460 --- [    Test worker] .b.t.c.SpringBootTestContextBootstrapper : Using TestExecutionListeners: [org.springframework.test.context.web.ServletTestExecutionListener@cf60102, org.springframework.test.context.support.DirtiesContextBeforeModesTestExecutionListener@305edf8, org.springframework.boot.test.mock.mockito.MockitoTestExecutionListener@2ba0b475, org.springframework.boot.test.autoconfigure.SpringBootDependencyInjectionTestExecutionListener@733a31f4, org.springframework.test.context.support.DirtiesContextTestExecutionListener@4ff8c080, org.springframework.test.context.transaction.TransactionalTestExecutionListener@633e9eaa, org.springframework.test.context.jdbc.SqlScriptsTestExecutionListener@4d938da4, org.springframework.security.test.context.support.WithSecurityContextTestExecutionListener@6f04b073, org.springframework.security.test.context.support.ReactorContextTestExecutionListener@66f191d3, org.springframework.boot.test.autoconfigure.restdocs.RestDocsTestExecutionListener@71ad8869, org.springframework.boot.test.autoconfigure.web.client.MockRestServiceServerResetTestExecutionListener@2002d555, org.springframework.boot.test.autoconfigure.web.servlet.MockMvcPrintOnlyOnFailureTestExecutionListener@6a4f7e0e, org.springframework.boot.test.autoconfigure.web.servlet.WebDriverTestExecutionListener@5a159d, org.springframework.boot.test.mock.mockito.ResetMocksTestExecutionListener@1da92b3f]
Hibernate: select posts0_.id as id1_0_, posts0_.created_date as created_2_0_, posts0_.modified_date as modified3_0_, posts0_.author as author4_0_, posts0_.content as content5_0_, posts0_.title as title6_0_ from posts posts0_ order by posts0_.id DESC
]]></system-out>
  <system-err><![CDATA[]]></system-err>
</testsuite>
